<?xml version="1.0" encoding="UTF-8"?>
<!-- Generated by org.testng.reporters.JUnitReportReporter -->
<testsuite skipped="1" hostname="DESKTOP-FNA2BQ4" name="testcases.testcase2" tests="1" failures="0" timestamp="2020-08-18T16:16:31 EDT" time="0.000" errors="0">
  <testcase name="tc2" time="0.000" classname="testcases.testcase2">
    <skipped/>
  </testcase> <!-- tc2 -->
  <system-out/>
</testsuite> <!-- testcases.testcase2 -->
