<?xml version="1.0" encoding="UTF-8"?>
<!-- Generated by org.testng.reporters.JUnitReportReporter -->
<testsuite skipped="0" hostname="DESKTOP-FNA2BQ4" name="testcases.brokenlinks" tests="1" failures="0" timestamp="2020-08-18T13:15:45 EDT" time="0.210" errors="0">
  <testcase name="testcase11" time="0.210" classname="testcases.brokenlinks"/>
  <system-out/>
</testsuite> <!-- testcases.brokenlinks -->
